2026-02-11 13:49:51,277 - INFO - *** TORCH VERSION: 2.7.1+cu118 ***
2026-02-11 13:49:51,280 - INFO - *** RUNNING ON DEVICE: NVIDIA A100-SXM4-40GB ***
2026-02-11 13:49:51,280 - INFO - *** BATCH SIZE: 32 ***
2026-02-11 13:49:51,280 - INFO - Loading data from data/A4_HUMAN_Seuma_2021.csv...
2026-02-11 13:49:51,286 - INFO - 'mutated_sequence' column missing. Using DMSDataset with reference data/ProteinGym_reference_file_substitutions.csv...
2026-02-11 13:49:52,181 - INFO - Loaded 14483 sequences. WT length: 770
2026-02-11 13:49:52,181 - INFO - Loading model facebook/esm1v_t33_650M_UR90S_1 (esm2)...
2026-02-11 13:50:08,825 - INFO - Starting scoring with PLL from index 0...
2026-02-11 13:50:08,829 - INFO - DEBUG: First Mutant Code: D672V:V710G
2026-02-11 13:50:08,830 - INFO - DEBUG: WT Seq (first 10): MLPGLALLLL
2026-02-11 13:50:08,830 - INFO - DEBUG: Mut Seq (first 10): MLPGLALLLL
2026-02-11 13:50:08,830 - INFO - DEBUG: Sequences differ. Mutation applied successfully.
2026-02-12 13:50:56,483 - INFO - *** TORCH VERSION: 2.7.1+cu118 ***
2026-02-12 13:50:56,484 - INFO - *** RUNNING ON DEVICE: NVIDIA A100-SXM4-40GB ***
2026-02-12 13:50:56,484 - INFO - *** BATCH SIZE: 32 ***
2026-02-12 13:50:56,484 - INFO - Loading data from data/A4_HUMAN_Seuma_2021.csv...
2026-02-12 13:50:56,715 - INFO - 'mutated_sequence' column missing. Using DMSDataset with reference data/ProteinGym_reference_file_substitutions.csv...
2026-02-12 13:50:57,655 - INFO - Loaded 14483 sequences. WT length: 770
2026-02-12 13:50:57,656 - INFO - Output file results/Epistasis_PLL_ESM1v.csv exists. Checking for resume...
2026-02-12 13:50:57,678 - INFO - Resuming from index 11179...
2026-02-12 13:50:57,678 - INFO - Loading model facebook/esm1v_t33_650M_UR90S_1 (esm2)...
2026-02-12 13:51:23,131 - INFO - Starting scoring with PLL from index 11179...
2026-02-12 13:51:23,133 - INFO - DEBUG: First Mutant Code: E693K:A713V
2026-02-12 13:51:23,133 - INFO - DEBUG: WT Seq (first 10): MLPGLALLLL
2026-02-12 13:51:23,133 - INFO - DEBUG: Mut Seq (first 10): MLPGLALLLL
2026-02-12 13:51:23,133 - INFO - DEBUG: Sequences differ. Mutation applied successfully.
2026-02-12 20:56:25,716 - INFO - Done!
